800:/app/lua/maorun/time/init.lua
16 16 16 0 16 0 0 0 0 0 0 0 0 0 0 854 229 0 16 0 0 0 16 0 0 0 0 0 0 0 0 0 16 0 0 0 0 0 0 0 0 0 16 32 16 0 16 0 0 910 455 369 0 455 455 1365 14 0 0 1365 455 229 0 226 0 0 455 232 0 0 455 226 0 0 455 455 455 455 0 455 256 0 455 256 0 455 256 0 455 256 256 0 0 256 0 455 16 0 0 0 326 318 318 163 0 163 163 0 163 0 0 0 0 163 0 0 163 73 0 0 163 0 163 163 163 4 4 4 0 0 0 0 163 0 0 0 503 340 0 358 181 0 346 165 165 352 187 181 0 0 0 0 0 165 2 0 165 0 165 165 0 0 165 165 0 0 0 0 0 0 0 0 179 0 0 20 20 20 40 0 20 36 0 0 14 14 14 28 0 14 30 0 130 130 16 0 0 0 16 16 32 0 0 0 16 16 16 16 0 16 30 10 0 16 0 0 0 16 16 0 0 16 0 0 16 0 0 16 1 0 16 1 0 16 14 14 14 14 0 0 16 16 18 2 0 16 14 28 14 14 0 0 16 32 0 0 0 12 12 24 0 0 0 12 12 12 12 0 12 24 8 0 12 0 0 0 12 12 0 0 12 12 12 12 12 12 12 0 12 10 20 10 8 8 8 8 0 0 0 0 12 12 0 12 12 0 10 10 10 0 0 0 12 0 0 12 12 12 12 0 0 12 0 0 24 12 12 12 28 0 0 0 4 4 28 24 24 0 4 16 0 0 74 74 74 74 74 0 0 74 0 0 74 0 0 74 5 0 74 6 0 74 60 60 60 60 0 0 0 0 0 0 0 0 0 0 0 0 0 0 74 74 74 74 74 74 0 74 74 0 74 74 17 0 0 74 74 74 0 148 74 0 74 74 74 90 0 0 0 0 57 57 57 57 57 0 0 0 0 0 0 0 57 0 57 57 0 0 0 0 57 57 57 57 0 57 57 2 0 0 0 0 57 0 0 0 0 0 0 0 0 57 57 0 57 0 0 0 0 0 0 0 0 0 0 0 57 57 0 0 57 0 0 57 57 0 57 57 0 57 57 2 0 0 0 57 0 57 2 0 57 16 0 0 0 0 17 17 17 17 0 17 0 17 17 0 0 0 0 17 17 17 17 0 17 17 2 0 0 0 0 17 0 0 0 0 0 0 0 0 17 17 0 17 0 0 0 0 0 0 0 0 0 0 17 17 0 0 17 0 0 17 17 17 0 17 17 0 17 17 2 0 0 0 17 0 17 2 0 0 17 16 0 0 8 8 4 0 0 4 16 0 0 1 1 1 1 0 0 1 1 1 1 1 1 0 0 1 1 3 2 0 0 0 1 1 17 0 0 0 1 1 1 0 1 2 1 1 0 1 1 0 17 0 16 32 16 0 0 0 16 0 32 16 0 0 0 16 0 0 0 0 0 0 0 0 0 0 0 0 0 0 0 0 0 0 0 0 0 0 0 0 0 0 0 0 0 0 0 0 0 0 0 0 0 0 0 0 0 0 0 0 0 0 0 0 0 0 0 0 0 0 0 0 0 0 0 0 0 0 0 0 0 0 0 0 0 0 0 0 0 0 0 0 0 0 0 0 0 0 0 0 0 0 0 0 0 0 0 0 0 0 0 0 0 0 0 0 16 0 16 0 0 0 0 0 0 0 16 16 0 0 0 0 16 16 16 0 0 16 16 16 0 0 0 0 16 16 16 16 0 0 0 0 0 16 16 0 16 16 16 16 16 16 16 16 16 16 16 16 16 0 76 76 76 76 16 0 16 16
5:/home/jules/.local/share/nvim/test/notify/lua/notify/animate/init.lua
16 0 16 0 16
56:/home/jules/.local/share/nvim/test/notify/lua/notify/animate/spring.lua
0 0 16 16 16 16 16 0 0 0 0 0 0 0 0 0 0 0 0 0 0 0 0 0 0 0 0 0 0 0 0 0 0 0 0 0 0 0 0 0 0 0 0 0 0 0 0 0 0 0 0 0 0 0 0 16
41:/home/jules/.local/share/nvim/test/notify/lua/notify/config/highlights.lua
16 0 16 32 0 0 0 0 0 0 0 0 0 0 0 0 0 0 0 0 0 0 0 0 0 0 0 0 16 32 0 16 0 32 0 0 0 0 16 0 16
209:/home/jules/.local/share/nvim/test/notify/lua/notify/config/init.lua
0 0 16 16 0 16 0 16 0 0 0 0 16 0 0 0 0 0 0 0 16 16 0 0 0 16 16 0 0 0 0 0 0 0 16 0 0 16 16 0 0 0 0 0 16 0 0 0 0 0 0 0 0 0 0 0 0 0 0 0 0 0 0 0 16 0 0 0 0 0 0 0 0 0 0 0 0 0 0 0 0 0 0 0 0 0 0 0 0 0 0 0 0 0 0 0 0 0 0 0 0 0 16 0 16 0 0 0 0 0 0 16 0 16 0 0 0 0 0 0 0 0 0 0 0 0 0 0 0 0 0 0 0 0 0 0 0 0 0 0 0 0 0 0 0 0 0 0 0 0 0 0 0 0 0 0 0 0 0 0 0 0 0 0 0 0 0 0 0 0 0 0 0 0 0 0 0 0 0 0 0 0 0 0 0 0 0 0 0 0 0 0 0 0 0 0 0 0 0 0 0 0 0 0 0 0 16 0 16
210:/home/jules/.local/share/nvim/test/notify/lua/notify/init.lua
0 0 0 16 16 0 0 16 0 16 0 0 0 0 0 0 0 0 16 0 0 0 0 0 0 0 16 0 16 0 16 0 0 0 0 0 0 0 0 0 0 0 0 0 0 0 0 0 0 0 0 0 0 0 0 0 0 0 0 0 0 0 0 0 0 0 0 0 0 0 0 0 0 16 0 0 0 0 16 0 0 0 0 0 0 0 0 0 0 0 0 16 0 0 0 0 16 0 0 0 0 0 0 16 0 0 0 0 16 0 0 0 0 0 0 0 16 0 0 0 0 16 0 0 0 16 0 0 0 0 16 0 0 0 0 0 0 0 0 0 16 0 0 0 0 16 0 0 0 0 0 0 0 0 0 0 0 0 0 16 0 0 0 0 16 0 16 0 0 0 0 0 0 0 0 0 0 0 0 0 0 0 0 0 0 0 16 0 0 0 0 0 0 16 0 16 0 32 0 242 240 0 240 0 0 0 136 0 0 16
228:/home/jules/.local/share/nvim/test/notify/lua/notify/instance.lua
16 16 16 16 16 16 16 0 16 0 0 0 0 0 0 0 0 0 0 0 0 0 0 0 0 0 0 0 0 0 0 0 16 0 0 0 0 0 0 0 0 0 0 0 0 0 0 0 0 0 0 0 0 0 0 0 0 0 0 0 0 0 0 0 0 0 0 0 0 0 0 0 0 0 0 0 0 0 0 0 0 0 0 0 0 0 0 0 0 0 0 0 0 0 0 0 0 0 0 0 0 0 0 0 0 0 0 0 0 0 0 0 0 0 0 0 0 0 0 0 0 0 0 0 0 0 0 0 0 0 0 0 0 0 0 0 0 0 0 0 0 0 0 0 0 0 0 0 0 0 0 0 0 0 0 0 0 0 0 0 0 0 0 0 0 0 0 0 0 0 0 0 0 0 0 0 0 0 0 0 0 0 0 0 0 0 0 0 0 0 0 0 0 0 0 0 0 0 0 0 0 0 0 0 0 0 0 0 0 0 0 0 0 0 0 0 0 0 0 0 0 0 0 0 0 0 0 16
171:/home/jules/.local/share/nvim/test/notify/lua/notify/service/buffer/highlights.lua
16 0 0 0 0 0 0 0 0 0 0 16 0 16 0 0 0 0 0 0 0 0 0 0 0 0 0 0 0 0 0 0 0 0 0 0 0 0 0 0 0 0 0 0 0 0 0 0 0 0 0 0 0 16 0 16 0 0 0 0 0 0 0 0 0 0 0 0 0 0 0 0 0 0 0 0 0 0 0 0 0 0 0 0 0 0 0 0 0 0 0 0 0 0 0 0 0 0 0 0 0 0 0 0 0 0 0 0 0 0 0 0 0 0 0 0 0 0 0 0 0 0 0 0 0 0 0 0 0 0 0 0 16 0 16 0 0 0 0 0 0 0 0 0 0 0 0 0 0 0 0 0 0 0 0 0 0 0 0 0 0 16 0 16 0 16 0 0 0 0 16
159:/home/jules/.local/share/nvim/test/notify/lua/notify/service/buffer/init.lua
16 0 16 0 0 0 0 0 0 0 0 0 0 16 0 16 0 0 0 0 16 0 0 0 0 0 0 0 0 0 0 0 0 16 0 16 0 0 16 0 16 0 0 0 0 0 16 0 16 0 0 0 0 0 0 0 0 0 0 0 16 0 16 0 16 0 16 0 0 0 0 0 0 0 0 0 0 0 0 0 16 0 16 0 16 0 16 0 16 0 16 0 0 0 0 16 0 16 0 0 0 0 0 0 0 0 0 0 0 0 0 0 0 0 0 0 0 0 0 0 0 0 0 0 0 0 0 0 0 0 0 0 0 16 0 16 0 16 0 16 0 16 0 16 0 16 0 16 0 16 0 0 0 0 0 0 0 0 16
115:/home/jules/.local/share/nvim/test/notify/lua/notify/service/init.lua
16 16 0 0 0 0 0 0 0 16 0 0 0 0 0 16 0 0 0 0 0 0 0 0 0 0 0 16 0 16 0 0 0 0 0 0 0 0 0 0 0 0 0 0 0 16 0 0 0 16 0 0 0 0 0 0 0 0 0 16 0 16 0 0 0 0 0 0 0 0 0 0 0 0 0 0 0 0 0 0 0 0 0 0 0 0 0 0 0 16 0 16 0 0 0 0 0 0 0 0 0 0 0 0 0 16 0 16 0 16 0 0 0 0 16
80:/home/jules/.local/share/nvim/test/notify/lua/notify/service/notification.lua
0 0 0 0 0 0 0 0 0 0 0 0 0 0 0 0 16 0 16 112 96 0 0 16 0 0 0 0 0 0 0 0 0 0 0 0 0 0 0 0 0 0 0 0 0 0 0 0 0 0 0 0 0 0 0 0 0 0 0 0 16 0 16 0 0 0 0 0 0 0 0 0 16 0 0 0 0 0 0 16
20:/home/jules/.local/share/nvim/test/notify/lua/notify/stages/init.lua
16 0 0 0 0 0 0 0 0 0 0 0 32 0 0 0 16 0 0 16
204:/home/jules/.local/share/nvim/test/notify/lua/notify/stages/util.lua
16 16 0 16 0 16 0 0 0 0 16 0 0 0 16 0 0 0 16 0 16 0 0 0 0 16 0 0 0 16 0 0 0 16 0 0 0 16 0 0 0 0 0 0 16 0 0 0 16 0 0 0 16 0 0 0 0 0 0 0 16 0 0 0 0 0 0 0 0 0 0 0 0 0 0 0 0 0 0 0 0 0 0 0 16 0 16 0 0 0 0 0 0 0 0 0 0 0 0 0 0 0 0 0 0 0 0 0 0 16 0 0 0 0 0 16 0 0 0 0 0 0 0 0 0 0 0 0 0 0 0 0 0 0 0 0 0 0 0 0 0 0 16 0 0 0 0 0 16 0 0 0 0 0 0 0 0 0 0 0 0 0 0 0 0 0 0 0 0 0 0 0 0 0 0 0 0 0 0 0 0 0 0 0 0 0 0 0 0 0 0 0 0 0 0 0 0 0 0 0 0 16 0 16
137:/home/jules/.local/share/nvim/test/notify/lua/notify/util/init.lua
16 0 16 16 16 0 16 0 16 0 16 0 0 0 0 0 0 0 0 0 0 0 16 0 16 0 0 0 0 0 0 16 0 16 0 0 0 0 0 0 0 0 0 0 0 16 0 16 0 0 0 0 16 0 16 0 0 0 0 0 0 0 16 0 16 0 0 0 0 0 0 0 0 0 0 0 16 0 16 0 0 0 0 0 0 0 0 0 0 0 0 16 0 16 0 16 0 0 0 0 0 16 0 16 0 0 0 0 0 16 0 16 0 0 0 0 0 0 0 16 0 0 0 0 16 0 0 0 0 0 0 0 0 0 16 0 16
54:/home/jules/.local/share/nvim/test/notify/lua/notify/util/queue.lua
0 16 0 16 0 0 0 0 0 0 0 16 0 16 0 16 0 16 0 0 16 0 16 0 16 0 16 0 16 0 16 0 0 0 0 0 0 0 16 0 16 0 0 0 0 0 0 0 16 0 0 0 0 16
328:/home/jules/.local/share/nvim/test/notify/lua/notify/windows/init.lua
16 16 16 16 16 0 0 0 0 0 0 0 0 16 0 16 0 0 0 0 0 0 0 0 0 0 0 16 0 16 0 0 0 0 0 0 0 0 0 16 0 16 0 0 0 0 0 0 0 0 0 0 0 0 0 0 0 0 0 0 0 0 0 0 0 0 0 0 0 0 0 0 0 0 0 0 0 16 0 16 0 0 0 0 0 0 0 0 0 0 0 0 0 0 0 0 0 0 0 0 0 0 16 0 16 0 0 0 0 0 0 16 0 16 0 0 0 0 0 0 0 0 16 0 16 0 0 0 0 0 0 0 0 0 0 0 0 0 0 0 0 0 0 0 0 0 0 16 0 16 0 0 0 0 0 0 0 0 0 0 0 0 0 0 0 0 0 0 0 0 0 0 0 0 0 0 0 0 0 0 0 0 0 0 0 16 0 16 0 0 0 0 0 0 0 0 0 0 0 0 0 0 0 0 0 0 0 0 16 0 16 0 0 0 0 0 0 0 0 0 0 0 0 0 0 0 0 0 0 0 0 0 0 0 0 0 0 0 0 0 0 0 0 0 0 0 0 0 0 0 0 0 0 0 0 16 0 16 0 0 0 0 0 0 0 16 0 16 0 0 0 0 16 0 16 0 0 0 0 0 0 0 0 0 0 0 0 0 0 0 0 0 0 0 0 0 0 0 0 0 0 0 0 0 0 0 0 0 0 0 0 0 0 0 0 0 0 0 0 0 0 0 16 0 0 0 0 16
2:/home/jules/.local/share/nvim/test/plenary/lua/plenary/bit.lua
0 16
77:/home/jules/.local/share/nvim/test/plenary/lua/plenary/functional.lua
16 0 16 0 0 0 0 0 16 0 16 0 16 0 16 0 16 0 0 0 0 0 0 0 0 16 0 16 0 16 0 16 0 0 0 0 0 0 0 16 0 16 0 0 0 0 0 0 0 16 0 16 21 7 0 14 0 16 0 16 0 0 0 48 16 0 32 32 32 0 16 0 0 0 16 0 16
947:/home/jules/.local/share/nvim/test/plenary/lua/plenary/path.lua
0 0 0 0 0 16 16 0 16 0 16 0 0 0 0 0 0 16 16 0 0 16 16 16 16 0 0 0 0 0 0 32 0 0 16 0 0 16 0 0 0 0 0 0 32 0 16 0 0 0 16 0 0 0 16 0 0 0 0 0 0 16 0 0 16 0 0 0 0 0 0 16 16 0 0 1212 16 0 0 1196 0 0 2392 16 0 0 2392 0 0 0 0 1196 1196 0 0 0 1196 0 1196 0 1196 0 0 0 0 0 0 0 0 0 0 0 0 0 0 0 0 0 0 0 0 0 0 0 0 0 0 0 0 0 0 0 0 0 0 0 0 0 0 1196 16 0 0 0 0 0 0 0 0 0 0 0 0 0 0 16 0 0 0 0 0 0 0 0 16 16 0 0 0 468 0 0 0 468 16 0 0 6891 6891 5723 0 0 1168 1168 1168 1168 0 0 0 0 0 0 0 16 0 0 0 0 0 0 0 0 0 16 0 0 0 16 0 0 0 0 16 0 0 1175 16 0 16 1175 0 1175 0 0 0 0 1175 1175 1175 0 0 0 0 0 0 2350 7 0 0 0 1168 1168 0 0 0 0 1168 1168 0 0 0 0 0 0 0 0 0 0 0 0 0 0 2338 1168 0 0 1168 1168 0 1168 0 0 1168 0 1168 16 0 16 3567 16 0 16 1434 0 0 0 0 0 0 0 0 16 0 16 0 16 0 16 0 16 0 16 3588 2364 0 0 0 16 0 16 1912 16 0 16 0 0 0 0 0 0 0 0 0 0 0 0 0 0 0 0 0 0 0 0 0 0 0 0 0 16 0 16 0 0 0 0 0 0 0 0 0 0 0 0 0 0 0 0 0 0 0 16 0 16 0 0 0 0 0 0 0 0 0 0 0 0 0 0 0 0 0 0 0 16 0 0 0 0 0 0 0 0 0 0 0 0 0 0 0 0 0 0 0 0 0 0 0 0 0 0 0 0 0 0 0 0 0 0 0 0 0 0 0 0 0 0 0 0 0 0 16 0 0 0 0 16 0 16 16 16 0 0 16 0 32 0 0 0 16 16 16 16 16 16 16 16 0 0 0 0 0 16 0 16 0 0 0 0 0 16 0 16 7 0 7 7 7 0 14 7 0 0 0 0 21 0 0 0 0 0 0 0 0 0 0 0 0 0 0 0 0 0 0 0 0 0 0 0 0 0 0 0 0 0 7 16 0 16 0 0 0 0 0 16 0 16 0 0 0 0 0 0 0 0 0 0 0 0 0 0 0 0 0 0 0 0 0 0 0 16 0 0 0 0 0 0 0 0 0 0 0 0 16 0 0 0 0 0 0 0 0 0 0 0 0 0 0 0 0 0 0 0 0 0 0 0 0 0 0 0 0 0 0 0 0 0 0 0 0 0 0 0 0 0 0 0 0 0 0 0 0 0 0 0 0 0 0 0 0 0 0 0 16 0 16 7 0 7 7 0 21 0 0 0 0 0 7 35 0 0 21 7 0 0 7 0 7 16 0 16 0 0 0 0 0 0 0 0 0 0 0 0 0 0 0 0 0 0 0 0 0 0 0 0 0 0 16 0 0 16 0 0 0 0 16 0 16 1196 16 0 0 16 0 16 0 0 16 0 7 7 0 0 7 16 16 0 16 28 16 0 16 0 0 0 0 0 0 0 0 16 0 16 0 16 0 0 0 16 0 16 0 16 229 0 229 0 687 229 229 245 0 0 0 16 936 0 1404 468 468 468 0 468 16 0 16 0 0 0 0 0 0 0 0 0 0 0 0 0 0 0 0 0 0 0 16 0 16 468 0 0 936 16 0 16 0 0 0 0 0 0 0 0 0 0 0 0 0 0 0 0 0 0 0 0 0 0 0 0 0 0 0 0 0 0 0 0 0 0 0 0 0 0 0 0 16 0 16 0 0 0 0 0 0 0 0 0 0 0 0 0 0 0 0 0 0 0 0 0 0 0 0 0 0 0 0 0 0 0 0 0 0 0 0 0 0 0 0 0 0 16 0 16 0 0 0 0 0 0 16 0 16 0 0 0 0 0 0 0 0 0 16 0 16 0 0 0 0 0 0 0 0 0 0 0 0 0 0 0 0 0 0 0 0 0 0 0 0 0 0 0 0 0 0 0 0 0 0 16 0 16 0 0 0 0 0 0 0 0 0 0 0 0 0 0 16 0 16
163:/usr/local/share/lua/5.1/busted/block.lua
0 0 0 0 0 0 0 0 0 0 0 0 0 0 0 2 2 0 2 4760 0 4760 4762 0 2 280 280 5040 9240 4480 0 0 282 0 0 181 181 362 181 2 0 2 312 0 312 213 213 0 0 0 0 312 49 0 312 312 263 0 0 49 49 0 0 0 0 0 0 49 0 49 2 0 2 361 0 361 213 213 0 0 0 0 361 0 361 461 300 0 0 0 0 361 2 0 2 410 410 0 410 491 243 0 0 0 0 0 410 426 0 0 0 410 2 0 2 99 2 0 2 49 49 49 0 51 0 2 49 2 0 2 49 2 0 2 48 0 48 48 48 0 0 0 0 48 0 144 47 0 47 0 0 0 0 94 47 0 0 47 47 0 50 0 2
65:/usr/local/share/lua/5.1/busted/compatibility.lua
0 0 0 0 0 0 0 0 0 0 0 0 0 0 0 0 0 0 0 0 0 0 0 0 0 0 0 0 0 0 0 0 0 0 0 0 1 0 1 1 0 1 1 0 0 0 0 0 0 0 0 0 0 0 0 0 0 0 0 0 0 0 0 0 1
130:/usr/local/share/lua/5.1/busted/context.lua
0 0 0 16 736 720 0 16 16 16 32 16 0 0 0 16 752 736 0 736 0 720 0 0 0 2049 2033 0 16 0 0 0 0 0 0 0 0 0 0 0 0 0 0 0 181 181 362 362 181 0 181 362 0 0 0 0 0 0 0 181 0 181 0 0 328 328 32 312 362 131 0 0 328 328 0 0 328 328 0 0 328 16 0 328 0 0 5696 0 0 0 0 0 0 0 0 0 0 0 0 0 0 0 0 0 176 176 176 176 0 0 51 0 0 0 9431 0 0 0 773 773 773 773 773 0 0 773 1546 773 773 773
317:/usr/local/share/lua/5.1/busted/core.lua
0 0 0 0 0 0 0 0 0 0 0 0 0 0 0 0 0 0 0 0 0 0 0 0 0 0 1 1 0 1 0 0 1 0 0 0 1 0 0 0 16 0 0 0 0 0 0 0 0 0 0 0 0 0 0 0 0 0 0 0 0 0 0 0 0 0 0 0 0 161 161 0 161 161 162 484 1 1 0 0 161 161 0 161 322 0 0 0 1 2 1 1 0 1 1 0 0 0 0 0 1 0 0 0 477 0 0 0 68 0 0 0 0 0 0 0 162 0 181 181 51 51 51 51 51 51 0 0 130 111 111 111 111 111 0 0 38 0 0 0 0 0 0 0 0 0 0 0 0 0 0 0 0 0 0 0 0 0 0 0 0 0 0 0 0 0 32 0 16 0 16 0 0 773 773 773 0 1546 2 2 2 1547 0 773 1 0 0 0 1 0 0 0 0 0 0 0 0 0 0 0 2 0 1546 0 773 773 0 0 0 298 298 298 149 149 149 149 149 149 0 596 298 596 298 0 0 0 0 0 0 0 0 0 0 0 0 0 0 0 0 0 0 0 0 0 0 0 0 0 0 0 0 0 0 0 0 0 0 0 176 29 29 147 0 0 0 176 0 176 352 320 0 0 0 176 352 0 352 176 0 0 0 0 0 0 176 176 176 176 176 176 176 0 0 0 0 0 0 0 176 0 176 80 0 96 0 176 0 0 0 51 274 176 176 441 176 0 49
31:/usr/local/share/lua/5.1/busted/environment.lua
0 0 0 0 0 0 0 12588 0 12353 22047 12353 0 0 0 0 0 0 0 0 10478 0 0 0 0 0 0 0 0 0 16
72:/usr/local/share/lua/5.1/busted/execute.lua
2 2 2 0 0 0 0 0 0 0 0 0 2 0 0 2 0 0 2 4 0 0 0 0 0 0 0 0 0 0 0 0 0 0 0 0 0 0 2 0 4 2 0 0 0 0 0 2 0 2 0 0 0 0 2 4 4 2 0 2 2 0 2 0 2 0 0 0 4 0 2 2
129:/usr/local/share/lua/5.1/busted/init.lua
0 0 0 0 16 32 16 0 16 16 0 0 32 64 32 0 32 32 0 0 99 99 0 198 0 0 0 0 99 0 99 99 99 0 99 0 99 99 198 198 99 0 0 0 0 0 0 198 0 0 99 99 0 0 0 0 0 0 0 0 0 0 0 0 0 0 0 0 0 0 0 0 0 0 0 0 0 0 0 0 0 0 0 0 0 0 0 0 0 0 0 0 0 0 0 0 0 0 0 0 0 0 0 0 0 0 0 0 0 0 0 0 0 0 0 0 0 0 0 0 0 0 0 0 0 0 0 0 249
50:/usr/local/share/lua/5.1/busted/languages/en.lua
2 0 2 0 0 2 2 2 2 0 2 2 2 2 0 2 2 2 2 0 2 2 2 2 0 2 0 2 2 0 0 2 2 0 0 0 0 0 0 0 0 2 2 0 0 0 0 0 2 2
64:/usr/local/share/lua/5.1/busted/luajit.lua
2 0 2 0 0 0 0 0 0 2 0 0 0 0 0 0 0 6 6 0 6 0 0 0 0 0 0 0 0 0 0 0 0 0 0 0 6 8 0 0 2 2 0 2 16 14 0 2 2 0 0 0 0 2 2 2 4 0 0 2 2 2 2 4
23:/usr/local/share/lua/5.1/busted/modules/files/lua.lua
2 0 2 0 0 161 322 161 2 0 0 32 2 0 0 16 16 0 0 16 2 0 2
107:/usr/local/share/lua/5.1/busted/modules/files/moonscript.lua
2 0 4 2 2 0 2 0 0 0 0 0 0 0 0 0 0 2 0 0 0 0 0 0 0 0 0 0 0 0 2 0 0 0 0 0 2 0 0 0 0 0 0 0 0 0 0 0 0 0 0 0 0 0 0 0 0 0 0 0 0 0 0 0 0 0 2 0 2 0 0 0 0 0 0 0 0 0 0 0 2 0 0 0 0 0 0 0 0 0 0 0 2 0 0 0 2 0 0 0 0 0 0 0 2 0 2
156:/usr/local/share/lua/5.1/busted/modules/filter_loader.lua
0 0 0 99 99 0 213 213 114 228 0 0 99 2 0 0 0 0 2 0 0 131 0 0 0 0 131 2 0 0 99 99 0 0 0 0 99 2 0 0 131 0 0 0 0 131 2 0 2 2 0 0 0 0 0 0 0 0 0 0 0 0 2 0 0 131 0 0 0 0 131 2 0 0 99 0 0 0 0 99 2 0 0 0 0 0 0 0 0 0 0 0 2 0 0 0 2 0 2 0 0 0 0 0 0 2 0 0 0 2 0 0 20 36 26 0 0 22 0 0 0 0 0 0 0 0 2 0 2 0 0 0 0 0 0 0 0 0 0 0 0 0 0 2 2 2 2 0 0 2 2 2 2 2 2 2
34:/usr/local/share/lua/5.1/busted/modules/output_handler_loader.lua
0 0 0 0 0 0 2 0 2 4 2 0 2 0 0 2 0 4 0 2 0 0 0 2 0 0 0 0 2 0 0 0 4 2
101:/usr/local/share/lua/5.1/busted/modules/test_file_loader.lua
2 0 0 2 2 2 2 0 6 4 4 0 0 0 2 0 4 0 4 2 4 0 4 18 18 0 0 0 0 20 18 16 0 0 2 4 0 4 16 0 0 16 0 4 0 0 0 0 0 2 2 2 0 0 2 4 4 0 2 2 0 0 0 16 32 16 0 0 2 0 0 2 0 18 16 0 16 32 16 16 16 16 0 0 16 0 0 0 2 0 0 0 0 0 0 0 2 2 0 2 2
103:/usr/local/share/lua/5.1/busted/outputHandlers/TAP.lua
2 2 2 2 2 2 2 0 0 104 106 0 0 2 2 0 2 2 2 2 0 0 0 0 2 0 0 2 2 2 2 0 0 1 1 0 1 0 1 0 0 0 1 1 1 0 1 0 0 1 1 0 0 3 0 0 99 99 0 0 0 0 99 0 99 2 0 0 99 99 99 198 0 0 0 0 0 0 0 0 99 0 99 2 0 0 1 1 1 0 1 0 1 2 0 4 4 4 4 4 0 2 2
181:/usr/local/share/lua/5.1/busted/outputHandlers/base.lua
2 2 0 0 2 2 2 0 2 0 2 0 2 0 2 0 0 0 396 2 0 0 2 2 0 2 0 0 0 4 4 4 4 4 4 4 4 4 4 4 0 0 200 100 0 215 214 0 115 345 0 0 100 2 0 0 0 100 1196 1096 897 0 0 100 100 0 100 100 200 200 100 100 100 0 100 0 100 2 0 0 0 0 0 0 0 2 0 0 2 2 2 2 0 0 0 0 0 0 0 0 0 0 0 0 0 2 0 0 2 2 2 2 0 0 99 99 2 0 0 99 0 99 99 99 0 0 0 0 0 0 0 0 0 0 0 0 99 0 99 99 99 0 0 0 99 0 0 99 0 99 2 0 0 0 0 0 0 2 0 0 0 0 2 0 0 0 0 0 2 0 0 1 1 2 0 0 1 2 0 2 2
90:/usr/local/share/lua/5.1/busted/outputHandlers/vusted/default.lua
0 2 2 0 0 2 0 0 2 0 0 0 2 2 4 0 0 1 1 0 0 1 1 2 0 0 2 1 1 1 0 0 3 0 0 2 2 2 0 0 0 0 0 0 0 0 0 0 0 0 0 0 0 0 0 0 0 0 0 0 2 0 0 2 0 2 0 2 0 0 0 0 2 0 0 0 0 2 1 1 0 0 2 0 2 2 4 0 2 2
221:/usr/local/share/lua/5.1/busted/runner.lua
0 0 0 0 0 0 0 0 0 0 0 0 0 0 0 0 0 0 0 0 0 0 0 0 0 0 0 0 0 0 0 0 0 0 0 0 0 0 0 0 0 0 0 0 0 0 0 0 0 0 0 0 0 0 0 0 0 0 0 2 0 0 0 0 0 0 2 0 0 0 0 2 0 0 0 0 0 2 2 0 0 2 2 0 0 0 2 2 0 0 0 0 0 2 2 2 0 4 0 0 2 0 4 0 0 2 0 4 1 1 1 2 0 4 0 0 0 0 0 0 0 2 0 0 2 2 4 0 0 4 2 2 2 2 2 2 2 0 0 0 2 0 0 2 0 0 0 0 0 0 0 0 0 0 0 0 0 0 0 0 0 0 0 0 0 0 0 2 0 2 0 0 0 0 0 0 0 0 0 4 2 2 2 2 2 2 2 2 2 0 0 2 0 2 2 2 4 2 2 2 2 0 0 0 0 0 0 2 2 4 2 2 2 0 0 2 0 2 1 0 1
42:/usr/local/share/lua/5.1/busted/status.lua
0 971 0 0 0 0 0 0 0 0 1070 0 0 0 872 872 1399 872 872 872 0 0 0 872 0 0 0 872 0 0 0 198 99 99 0 971 0 0 872 872 1070 872
35:/usr/local/share/lua/5.1/busted/utils.lua
0 0 0 2 2 2 0 0 0 0 2 0 0 0 0 0 0 0 0 0 0 0 0 0 0 0 2 2 2 2 2 10 8 0 2
337:/usr/local/share/lua/5.1/inspect.lua
1 1 0 0 0 0 0 0 0 0 0 0 0 0 0 0 0 0 0 1 1 1 0 0 0 0 0 0 0 0 0 0 0 0 0 0 0 0 0 0 0 0 0 0 0 1 1 1 0 1 1 1 1 1 1 0 0 0 1 0 0 0 0 0 0 0 0 1 0 0 1 0 0 0 1 33 32 32 25 25 0 0 0 0 0 0 0 1 0 0 0 1 0 1 0 0 0 0 0 1 0 1 0 0 0 0 0 0 0 0 0 0 0 0 0 0 0 0 0 1 0 0 0 0 0 0 0 0 0 0 0 0 0 0 0 0 0 0 1 0 0 1 0 0 0 0 0 0 0 0 0 0 0 2 0 0 0 0 0 0 0 0 0 0 1 0 0 0 0 0 0 0 0 0 0 0 0 0 0 0 0 0 0 0 0 0 0 0 0 0 0 0 0 1 0 0 1 1 2 0 0 0 1 0 0 0 0 0 0 0 0 0 0 1 0 0 0 1 0 1 0 0 0 0 0 0 0 0 1 0 1 1 1 1 0 1 0 2 0 0 0 0 0 0 0 0 0 0 0 0 0 0 0 0 0 0 0 0 0 0 0 0 0 0 0 0 0 0 0 0 0 0 0 0 0 0 0 0 0 0 0 0 0 0 0 0 0 0 0 0 0 0 0 0 0 2 0 0 0 0 1 1 0 1 1 1 1 0 1 0 0 0 1 1 0 2 1 1 1 1 0 1 1 1 0 1 0 1 1 0 2 0 1 1 0 0 1 
175:/usr/local/share/lua/5.1/luassert/assert.lua
0 0 0 0 0 0 0 0 0 0 0 0 0 0 0 0 0 0 0 0 0 0 0 0 0 0 314 0 314 0 1014 700 0 0 314 1014 700 386 0 0 0 314 628 0 314 0 0 0 0 0 0 0 0 314 0 0 314 0 0 0 0 0 0 0 0 0 0 0 0 0 0 0 1700 700 0 0 500 0 0 0 0 314 0 0 0 0 0 0 0 0 0 0 0 0 0 0 0 0 0 0 0 0 0 0 0 0 0 0 0 0 0 0 0 0 0 0 0 0 0 0 0 0 0 0 0 0 0 0 0 0 0 0 0 0 0 0 0 0 0 0 0 0 0 0 0 0 0 0 0 0 0 0 0 0 0 0 0 0 0 0 0 0 0 0 0 0 294 0 0 0 294 0 0 0 942
302:/usr/local/share/lua/5.1/luassert/assertions.lua
0 0 0 0 0 0 0 0 0 0 0 0 0 0 84 0 0 0 314 145 0 314 0 0 0 0 0 0 0 0 0 0 0 0 0 0 0 0 0 0 0 0 0 0 0 0 0 0 0 0 0 0 0 14 14 28 14 14 14 14 42 42 42 0 28 14 14 14 14 14 0 0 0 0 0 0 0 0 0 0 0 0 0 0 0 0 0 0 0 0 0 0 0 0 0 0 0 0 0 0 0 0 0 0 0 0 0 0 0 0 0 0 0 0 0 0 0 0 0 0 0 0 0 188 188 376 188 10 0 20 10 10 10 10 10 0 178 0 356 178 178 0 0 0 0 0 0 0 0 0 0 0 0 0 0 0 0 0 0 0 0 0 0 0 0 0 0 0 0 0 0 0 0 0 0 0 0 0 0 0 0 0 0 0 0 0 0 0 0 0 0 0 0 0 0 0 0 0 0 0 0 0 0 0 0 0 0 0 0 0 0 0 0 0 0 0 0 0 0 0 0 0 0 0 0 0 0 0 0 0 0 0 0 0 0 0 0 0 0 0 0 0 0 0 0 0 0 0 0 0 0 0 0 0 0 0 0 0 0 0 0 0 0 0 16 16 16 0 0 0 16 16 16 0 0 0 80 80 80 80 80 0 0 0 0 0 0 0 0 0 0 0 0 0 0 0 0 0 0 0 0 80
232:/usr/local/share/lua/5.1/luassert/formatters/init.lua
0 0 0 0 0 0 0 0 0 0 0 0 0 0 0 0 0 0 0 0 0 0 0 0 0 0 0 0 0 0 0 0 0 0 0 0 42 0 0 0 42 0 42 0 42 0 0 0 42 0 42 0 0 0 0 0 42 0 0 0 42 84 0 0 0 0 42 0 0 42 0 0 42 0 0 42 0 0 0 0 0 0 0 0 0 0 0 0 0 0 0 0 0 0 0 0 0 0 0 0 0 0 0 0 0 0 0 0 0 0 0 0 0 0 0 0 0 0 0 0 0 0 0 42 42 0 0 0 0 0 0 0 0 0 0 0 0 0 0 0 0 0 0 0 0 0 0 0 0 0 0 0 0 0 0 0 0 0 0 0 0 0 0 0 0 0 0 0 0 0 0 0 0 0 0 0 0 0 0 0 0 0 0 0 0 0 0 0 0 0 0 0 0 42 0 0 0 42 0 0 42 0 0 42 0 0 42 0 0 42 0 0 84 42 0 0 0 0 0 0 0 0 0 0 0 0 0 0 0 0 84 42 
64:/usr/local/share/lua/5.1/luassert/match.lua
0 0 0 0 0 0 0 0 0 0 0 0 0 0 0 0 0 0 0 0 0 0 0 0 0 0 0 0 0 0 0 0 0 0 0 0 0 0 0 0 0 0 0 0 0 0 0 0 0 0 0 0 0 0 0 0 0 0 0 0 0 0 0 42 
10:/usr/local/share/lua/5.1/luassert/modifiers.lua
0 0 0 0 312 0 0 0 74 74
91:/usr/local/share/lua/5.1/luassert/state.lua
0 0 0 0 0 0 0 0 0 0 0 0 0 0 0 0 0 0 0 0 0 0 0 0 0 0 0 0 0 0 0 0 0 0 0 0 0 0 0 0 0 0 0 0 0 0 0 0 0 0 0 0 0 0 0 0 0 0 0 0 0 0 0 0 0 0 0 0 0 0 0 0 0 0 0 0 0 0 0 0 0 0 0 0 0 0 0 42 378 378 378 
359:/usr/local/share/lua/5.1/luassert/util.lua
0 0 0 0 0 0 0 0 0 0 0 0 52 52 0 52 20 20 0 20 0 0 0 20 0 0 0 20 20 20 20 20 0 0 0 20 0 0 0 20 20 0 62 42 42 0 0 0 42 42 0 0 0 0 0 62 0 0 42 0 0 20 20 0 20 0 0 0 0 0 0 0 0 0 0 0 0 0 0 0 0 0 0 0 0 0 0 0 0 0 0 0 0 0 0 0 0 0 0 0 0 0 0 0 0 0 0 0 0 0 0 0 0 0 0 0 0 0 0 0 0 0 0 0 0 0 0 0 0 0 0 0 0 0 0 0 0 0 0 0 0 0 0 0 0 0 0 0 0 0 0 0 0 0 0 0 0 0 0 0 0 0 0 0 0 0 0 0 0 0 0 0 0 0 0 0 0 0 0 0 0 0 0 0 0 0 0 0 0 0 0 0 0 0 0 0 0 0 0 0 0 0 0 0 0 0 0 0 0 0 0 0 0 314 314 314 314 314 314 0 0 0 0 314 314 0 314 0 0 0 0 0 675 361 0 0 314 314 0 0 0 0 0 0 0 0 0 202 202 0 202 0 0 0 0 0 202 0 479 277 0 0 202 202 202 0 0 0 0 0 0 0 0 0 0 0 0 0 0 0 0 0 0 0 0 0 0 0 0 0 0 0 0 314 314 314 314 628 314 314 314 0 314 314 0 0 0 0 0 0 0 0 314 0 0 314 314 314 1014 700 700 0 0 700 700 0 0 0 0 0 0 700 700 700 0 700 0 0 0 314 0 0 0 314 0 0 0 0 0 0 314 314 314 0 0 0 0 0 42
154:/usr/local/share/lua/5.1/mediator.lua
0 68 0 0 0 68 68 68 0 0 0 0 0 0 68 0 68 68 0 0 0 0 0 43 0 43 43 43 43 0 0 68 68 0 68 0 68 46 46 0 40 0 0 68 0 68 43 0 0 0 0 0 0 0 0 0 0 0 0 43 0 0 0 0 0 0 0 0 43 0 0 86 43 43 0 0 0 43 0 0 1119 43 0 0 0 0 0 0 0 0 0 0 0 43 0 0 2077 1176 0 0 1572 0 1176 0 1176 1176 0 0 0 901 600 0 301 0 43 43 0 0 0 0 0 0 0 0 0 0 0 0 0 0 0 545 0 1621 2152 0 0 545 0 0 0 136 0 0 0 0 0 0 0 0 0 0 0 954
565:/usr/local/share/lua/5.1/pl/List.lua
0 0 0 0 0 0 0 0 0 0 0 0 0 0 0 0 0 0 0 0 2 2 2 2 2 2 2 0 2 2 0 0 2 2 0 2 0 2 0 0 0 0 0 0 0 0 2 0 0 0 2 0 2 0 2 0 2 0 0 0 0 0 0 2 0 0 0 0 0 0 0 0 0 0 0 0 2 0 0 0 0 2 0 0 0 2 0 0 0 0 2 0 0 2 0 2 0 0 0 0 0 2 0 0 0 2 0 0 0 0 0 0 2 0 0 0 2 0 0 0 0 2 0 2 0 0 0 0 0 2 0 0 0 2 0 0 0 0 0 0 0 2 0 0 0 0 2 0 0 0 0 0 0 2 0 0 0 2 0 2 0 0 0 0 0 0 0 0 2 2 0 0 0 0 2 0 2 0 0 0 0 2 0 0 0 0 0 2 0 0 0 0 2 0 0 0 2 0 0 0 0 2 0 2 0 0 0 2 0 0 0 0 0 0 0 2 0 0 0 0 2 0 0 0 0 0 0 0 2 0 0 0 0 0 0 0 0 2 0 2 0 0 0 2 0 0 2 0 2 0 0 0 0 0 0 0 0 0 0 0 2 0 0 0 0 0 0 0 0 0 0 0 0 0 0 0 2 0 0 2 0 2 0 0 0 0 0 0 0 0 2 0 2 0 0 0 0 0 0 0 2 0 0 0 0 0 0 0 0 2 0 0 0 0 0 0 2 0 0 0 0 0 0 2 0 0 0 0 0 2 0 0 0 0 2 0 0 0 0 0 2 0 0 0 0 0 2 0 0 0 0 0 2 0 0 0 2 0 0 0 0 0 0 2 0 0 0 0 0 0 0 2 0 0 0 0 2 0 2 0 0 0 0 2 0 0 0 0 2 0 0 0 0 0 2 0 0 0 0 2 0 0 0 0 0 2 0 0 0 0 0 2 0 2 0 0 0 0 0 0 2 0 0 2 0 0 0 0 0 0 0 0 2 0 2 0 0 0 0 0 0 2 0 0 2 0 0 0 0 0 0 0 0 2 0 2 0 0 0 0 0 0 0 2 0 0 0 0 0 0 0 2 0 0 0 0 0 2 0 2 0 0 0 0 0 0 0 0 0 0 0 2 0 2 0 0 0 0 0 2 0 2 0 0 0 0 0 0 0 0 2 0 0 0 0 0 0 0 0 0 0 2 0 0 2 0 2 0 0 0 0 0 0 0 2 0 0 0 0 0 0 0 0 0 0 0 0 0 0 0 0 0 0 0 0 0 0 0 0 0 0 2 2 0 2
218:/usr/local/share/lua/5.1/pl/class.lua
0 0 0 0 0 0 0 0 0 0 0 0 0 0 0 0 0 0 0 0 0 0 0 0 0 0 0 0 0 0 0 0 0 0 0 0 0 0 0 0 0 0 0 0 0 0 0 0 0 0 0 0 0 0 0 0 0 0 0 0 0 0 0 0 0 0 0 0 0 0 0 0 0 0 0 0 0 0 0 0 0 0 0 0 0 0 0 0 0 0 0 0 0 0 0 0 0 0 0 0 0 0 0 0 0 0 0 0 0 0 0 0 0 0 0 0 0 0 0 0 0 0 0 0 0 0 0 0 0 0 2 0 2 2 0 0 0 2 0 0 2 0 0 0 0 0 0 2 0 0 0 2 2 2 2 2 0 0 2 0 0 0 0 0 0 0 0 0 0 0 0 0 0 0 0 0 0 0 0 0 0 0 2 0 0 0 0 0 0 0 0 2 2 2 2 2 0 2 2 0 0 2 0 0 0 0 0 0 0 0 0 0 0 0 0 0 0 2
527:/usr/local/share/lua/5.1/pl/dir.lua
0 0 0 0 0 0 0 2 2 2 2 2 2 2 2 2 2 2 0 2 2 0 2 0 0 2 2 0 0 2 4 0 0 54 18 2 0 0 0 0 0 0 0 0 0 0 2 0 0 0 2 0 0 0 0 0 0 2 0 0 0 0 0 0 0 0 2 0 0 0 0 0 0 0 0 0 0 0 0 0 0 2 0 0 0 0 0 0 2 0 0 0 0 0 0 0 0 0 0 0 2 0 0 0 0 0 2 0 0 0 2 0 2 0 0 0 0 0 0 0 0 0 0 0 0 0 0 2 0 0 0 0 0 0 0 0 0 0 0 0 0 0 0 0 0 0 0 0 0 0 0 0 0 0 0 0 0 0 0 0 0 0 0 0 0 0 0 0 0 0 0 0 0 0 0 0 0 0 0 0 0 0 0 0 0 2 0 0 0 2 0 0 0 0 0 0 0 0 0 0 0 0 0 0 0 0 0 0 0 0 0 0 0 0 0 0 0 0 0 0 0 0 0 0 0 0 0 0 0 0 0 2 0 0 0 0 0 0 0 2 0 0 0 0 2 0 0 0 0 0 0 2 0 0 0 2 0 0 0 0 0 0 0 0 0 0 0 0 0 0 0 0 2 0 0 0 0 0 0 0 0 0 0 0 0 0 0 0 2 0 0 0 0 0 0 0 0 0 0 0 0 0 0 0 0 0 0 0 0 0 0 0 0 0 0 0 0 0 2 0 0 0 0 0 0 0 2 0 0 0 0 0 0 0 0 0 0 0 0 0 0 0 0 0 0 0 0 0 0 0 0 2 0 0 0 2 2 0 0 2 0 0 2 2 0 0 0 0 0 0 0 0 0 0 0 0 0 0 0 0 0 0 0 0 0 2 0 0 0 0 0 4 0 0 0 0 0 0 0 0 0 0 0 0 0 0 2 0 0 0 0 0 0 0 0 0 0 0 0 0 0 0 0 0 0 0 0 0 0 0 0 0 0 0 0 0 0 0 0 0 0 0 0 0 0 0 0 0 2 0 0 0 0 0 0 0 26 26 2 0 0 24 24 24 2 2 0 0 22 18 36 18 18 0 0 18 0 0 0 4 2 0 0 0 0 0 0 2 2 0 2 2 0 0 0 2 0 2 2 0 0 0 0 0 0 0 0 2 2 2 2 0 2 2 42 18 18 36 18 0 0 0 0 2 2 0 2
397:/usr/local/share/lua/5.1/pl/path.lua
0 0 0 0 0 0 0 0 0 0 0 0 0 0 0 0 0 0 0 0 0 0 0 0 0 0 0 0 0 0 0 0 0 0 0 0 0 0 0 0 0 0 0 0 0 0 0 0 0 0 0 0 0 0 0 0 0 0 0 0 0 0 0 0 0 0 0 0 0 0 0 0 0 0 0 0 0 0 0 0 0 0 0 0 0 0 0 0 0 0 0 0 0 0 0 0 0 0 0 0 0 0 0 0 0 0 0 0 0 0 0 0 0 0 0 0 0 0 0 0 0 0 22 22 0 0 0 0 0 2 2 0 0 0 0 0 0 0 0 0 0 0 0 0 0 0 0 0 0 0 0 0 0 0 0 18 18 0 0 0 0 0 0 0 0 0 0 0 0 0 0 0 0 0 0 0 0 0 0 0 0 0 5446 0 0 0 0 0 0 0 0 0 0 0 0 0 0 0 0 0 0 0 0 0 0 0 0 0 0 0 0 0 0 0 0 0 0 0 0 0 0 0 0 0 0 0 0 0 0 0 0 340 340 340 5382 5042 10084 0 340 0 0 1020 0 0 0 0 0 0 0 0 0 0 0 0 0 0 0 0 0 0 0 0 0 0 0 0 0 0 0 0 0 0 0 0 0 0 0 16 16 16 64 48 0 0 48 96 0 16 0 0 48 0 0 0 0 0 0 0 0 0 0 0 322 322 322 0 0 0 0 0 0 0 0 0 0 18 18 18 0 0 0 0 0 0 0 0 0 0 16 16 16 0 0 0 0 0 0 0 0 0 0 0 0 0 0 0 0 0 0 0 0 0 0 0 0 0 0 0 0 0 0 0 0 0 0 0 0 0 0 0 0 0 0 0 0 0 0 0 0 0 0 0 0 0 0 0 0 0 0 0 0 0 36 36 0 0 36
889:/usr/local/share/lua/5.1/pl/tablex.lua
0 0 0 0 0 0 0 0 0 0 0 0 0 0 0 0 0 0 0 0 0 4 4 0 0 0 0 0 0 0 0 0 0 0 0 0 0 0 8 0 0 4 0 0 36 0 0 18 0 0 0 0 0 0 0 0 0 0 0 0 0 0 0 0 0 0 0 0 0 0 0 0 0 0 0 0 0 0 0 0 0 0 0 0 0 0 0 0 0 18 18 1746 1728 0 18 0 0 0 0 0 0 0 0 0 0 0 0 0 0 0 0 0 0 0 0 0 0 0 0 0 0 0 0 0 0 0 0 0 0 0 0 0 0 0 0 0 0 0 0 0 0 0 0 0 0 0 0 0 0 0 0 0 0 0 0 0 0 0 0 0 0 0 0 0 0 0 0 0 0 0 0 0 0 0 0 0 0 0 0 0 0 0 0 0 0 0 0 0 0 0 0 0 0 0 0 0 0 0 0 0 0 0 0 0 0 0 0 0 0 0 0 0 0 0 0 0 0 0 0 0 0 0 0 0 0 0 0 0 0 0 0 0 0 0 0 0 0 0 0 0 0 0 0 0 0 0 0 0 0 0 0 0 0 0 0 0 0 0 0 0 0 0 0 0 0 0 0 0 0 0 0 0 0 0 0 0 0 0 0 0 0 0 0 0 0 0 0 0 0 0 0 0 0 0 0 0 0 0 0 0 0 0 0 0 0 0 0 0 0 0 0 0 0 0 0 0 0 0 0 0 0 0 0 0 0 0 0 0 0 0 0 0 0 0 0 0 0 0 0 0 0 0 0 0 0 0 0 0 0 0 0 0 0 0 0 0 0 0 0 0 0 0 0 0 0 0 0 0 0 0 0 0 0 0 0 0 0 0 0 0 0 0 0 0 0 0 0 0 0 0 0 0 0 0 0 0 0 0 0 0 0 0 0 0 0 0 0 0 0 0 0 0 0 0 0 0 0 0 0 0 0 0 0 0 0 0 0 0 0 0 0 0 0 0 0 0 0 0 0 0 0 0 0 0 0 0 0 0 0 0 0 0 0 0 0 0 0 0 0 0 0 0 0 0 0 0 0 0 0 0 0 0 0 0 0 0 0 0 0 0 0 0 0 0 0 0 0 0 0 0 0 0 0 0 0 0 0 0 0 0 0 0 0 0 0 0 0 0 0 0 0 0 0 0 0 0 0 0 0 0 0 0 0 0 0 0 0 0 0 0 0 0 0 0 0 0 0 0 0 0 0 0 0 0 0 0 0 0 0 0 0 0 0 0 0 0 0 0 0 0 0 0 0 0 0 0 0 0 0 0 0 0 0 0 0 0 0 0 0 0 0 0 0 0 0 0 0 0 0 0 0 0 0 0 0 0 0 0 0 0 0 0 0 0 0 0 0 0 0 0 0 0 0 0 0 0 0 0 0 0 0 0 0 0 0 0 0 0 0 0 0 0 0 0 0 0 0 0 0 0 0 0 0 0 0 0 0 0 0 0 0 0 0 0 0 0 0 0 0 0 0 0 0 0 0 0 0 0 0 0 0 0 0 0 0 0 0 0 0 0 0 0 0 0 0 0 0 0 0 0 0 0 0 0 0 0 0 0 0 0 0 0 0 0 0 0 0 0 0 0 0 0 0 0 0 0 0 0 0 0 0 0 0 0 4 8 4 38 34 68 32 32 0 0 4 0 0 0 0 0 0 0 0 0 0 0 0 0 0 0 0 0 0 0 0 0 0 0 0 0 0 0 0 0 0 0 0 0 0 0 0 0 0 0 0 0 0 0 0 0 0 0 0 0 0 0 0 0 0 0 0 0 0 0 0 0 0 0 0 0 0 0 0 0 0 0 0 0 0 0 0 0 0 0 0 0 0 0 0 0 0 0 0 0 0 0 0 0 0 0 0 0 0 0 0 0 0 0 0 0 0 0 0 0 0 0 0 0 0 0 0 0 0 0 0 0 0 0 0 0 0 0 0 0 0 0 0 0 0 0 0 0 2 2 2 2 0 0 0 2 2 0 0 2 18 16 0 0 2
115:/usr/local/share/lua/5.1/pl/types.lua
0 0 0 0 0 0 0 0 0 0 0 0 0 0 0 0 0 0 0 0 0 0 0 0 0 0 0 0 0 0 0 0 0 0 0 0 0 0 0 0 0 0 0 0 0 0 0 0 0 0 0 0 0 0 0 0 0 0 0 0 0 0 0 0 0 0 0 0 0 0 0 0 0 0 0 0 0 0 0 0 0 0 0 0 22 0 0 0 0 0 0 0 0 0 0 0 0 0 4 4 0 0 0 0 0 0 0 0 0 0 0 0 0 18 18
691:/usr/local/share/lua/5.1/pl/utils.lua
0 0 0 0 0 0 0 0 0 0 0 0 0 0 0 0 0 0 0 0 0 0 0 0 0 0 0 0 0 0 0 0 0 0 0 0 0 0 0 0 0 0 0 0 0 0 0 0 0 0 0 0 0 0 0 0 0 0 0 0 0 0 0 0 0 0 0 0 0 0 0 0 0 0 0 0 0 0 0 0 0 0 0 0 0 0 0 0 0 0 0 0 0 0 0 0 0 0 0 0 0 0 0 0 0 0 0 0 0 0 0 0 0 0 0 0 0 0 0 0 0 0 0 0 0 0 0 0 0 0 0 0 0 0 0 0 0 0 0 0 0 0 0 0 0 0 0 0 0 0 0 0 0 0 0 0 0 0 0 0 0 0 0 0 0 0 0 0 0 0 0 0 0 0 0 0 0 0 0 0 0 0 0 0 0 0 0 0 0 0 0 0 0 0 0 0 0 0 0 0 0 0 0 0 0 0 0 0 0 0 0 0 0 0 0 0 0 0 0 0 0 0 0 0 0 0 0 0 0 0 0 0 0 0 0 0 0 0 0 0 0 0 0 0 0 0 0 0 0 0 0 0 0 0 0 0 0 0 0 0 0 0 0 0 0 0 0 0 0 0 0 0 0 0 0 0 0 0 0 0 0 0 0 0 0 0 0 0 0 816 0 0 818 0 0 816 0 0 0 0 0 0 0 0 0 0 0 0 0 0 0 0 0 0 0 0 0 0 0 0 0 0 0 0 0 0 0 0 0 0 0 0 0 0 0 0 0 0 0 0 0 0 0 0 0 0 0 0 0 0 0 0 0 0 0 0 0 0 0 0 0 0 0 0 0 0 0 0 0 0 0 0 0 0 0 0 0 0 0 0 0 0 0 0 0 0 0 0 0 0 0 0 0 0 0 0 0 0 0 0 0 0 0 0 0 0 0 0 0 0 0 0 0 0 0 0 0 0 0 0 0 0 0 0 0 0 0 0 0 0 0 0 0 0 4 4 4 0 0 0 0 0 0 0 0 0 0 0 0 0 0 0 0 0 0 0 0 0 0 0 0 0 0 0 0 0 0 0 0 0 0 0 0 0 808 0 0 0 0 0 0 0 0 0 0 0 0 0 0 0 0 0 0 0 0 0 0 0 0 0 0 0 0 0 0 0 0 0 0 0 0 0 0 0 0 0 0 0 0 0 0 0 0 0 0 0 0 0 0 0 0 0 0 0 0 0 0 0 0 0 0 0 0 0 0 0 0 0 0 0 0 0 0 0 0 0 0 0 0 0 0 0 0 0 0 0 0 0 0 0 0 0 0 0 0 0 0 0 0 0 0 0 0 0 0 0 0 0 0 0 0 0 0 0 0 0 0 0 0 0 0 0 0 0 0 0 0 0 0 0 0 0 0 0 0 0 0 0 0 0 0 0 0 0 0 0 0 0 0 0 0 0 0 0 0 0 0 0 0 0 0 0 0 0 0 0 0 0 0 0 0 0 0 0 0 0 0 0 0 0 0 0 0 0 0 0 0 0 0 0 0 0 0 0 0 0 0 0 0 0 0 0 0 0 0 0 0 0 0 18 18
52:/usr/local/share/lua/5.1/say/init.lua
0 0 0 0 0 0 0 0 0 0 0 0 0 2 2 0 0 2 0 0 0 0 0 0 0 0 0 38 38 0 0 0 0 244 0 0 244 244 0 244 0 244 0 0 244 244 0 1018 774 0 0 244
41:/usr/local/share/lua/5.1/vusted/run.lua
0 0 0 0 0 0 0 0 0 0 0 0 0 0 0 0 0 0 0 0 0 0 0 0 0 0 0 0 0 1 1 0 0 0 0 1 1 0 0 0 1 
212:test/add_time_spec.lua
4 2 2 0 4 4 4 0 2 0 0 2 2 0 4 10 0 10 12 0 4 10 0 10 10 12 0 6 6 0 2 2 2 2 2 34 34 2 0 2 2 2 2 0 2 2 0 2 0 8 2 2 2 0 2 2 8 8 8 0 0 2 8 4 0 6 0 2 2 2 2 2 34 34 2 0 2 2 2 2 0 2 2 0 2 0 8 2 2 2 0 2 2 8 8 8 0 0 2 0 12 4 0 6 0 2 2 2 2 2 34 34 2 0 2 2 0 2 0 2 0 2 2 0 2 0 8 2 2 2 0 2 2 8 8 8 0 0 2 8 4 0 6 0 2 2 2 2 2 54 54 2 0 2 2 8 0 2 2 2 0 2 2 0 2 0 8 2 2 2 8 4 0 6 0 2 2 4 2 2 56 56 2 0 2 2 2 2 0 2 0 2 0 2 2 0 2 0 8 2 2 0 8 2 2 2 8 2 2 2 4 6
556:test/calculate_spec.lua
4 2 2 0 4 4 4 2 0 0 2 2 0 4 18 0 20 4 18 0 18 18 20 0 6 6 0 2 2 2 2 2 42 42 2 0 4 2 0 2 0 2 2 0 0 2 2 2 2 8 0 2 2 0 4 0 8 2 2 2 0 8 2 2 0 2 8 2 2 2 8 2 2 2 8 2 2 2 4 0 6 0 2 2 2 2 2 34 34 2 0 2 0 0 0 0 0 0 0 0 4 2 2 0 0 2 2 2 0 2 0 0 2 0 0 8 2 2 2 8 2 2 2 8 4 0 6 0 2 2 4 2 2 56 56 2 0 4 2 0 0 2 2 2 0 2 2 0 2 0 0 8 2 2 2 8 2 2 2 0 8 2 2 2 4 0 6 0 2 2 4 2 2 56 56 2 0 4 2 0 0 2 2 2 2 0 2 2 0 0 2 0 0 6 2 0 2 6 2 0 2 8 2 2 2 8 2 2 2 0 0 6 2 0 2 6 2 0 2 8 2 2 2 8 2 2 2 0 0 8 4 0 6 0 2 2 2 2 2 34 34 2 0 2 6 2 4 0 2 4 2 0 0 2 0 0 0 0 0 0 0 0 0 0 4 2 0 4 2 2 2 2 2 0 2 2 2 2 0 0 0 0 0 0 0 0 0 0 0 0 2 10 0 2 2 0 0 2 0 2 2 0 8 2 2 2 8 2 2 2 4 0 6 0 0 2 6 2 4 0 2 2 2 2 0 0 2 2 2 0 2 2 0 0 2 2 0 2 2 2 2 2 2 0 2 2 2 2 2 2 2 2 2 2 10 0 2 0 0 6 6 2 2 0 2 6 2 2 0 6 2 0 2 2 6 8 2 2 2 0 8 2 2 2 0 8 4 0 6 0 2 2 0 2 2 12 12 2 0 2 0 2 2 0 2 0 0 2 6 6 0 2 6 2 6 6 0 8 2 2 0 2 12 4 0 6 0 2 2 2 2 2 34 34 2 0 2 2 0 2 0 0 0 0 0 0 0 0 0 4 2 2 0 0 2 0 2 0 2 0 0 2 0 0 2 6 0 2 6 6 0 8 2 2 2 0 8 2 2 2 0 8 2 2 2 0 4 4 0 6 6 0 2 2 4 2 2 68 68 2 0 2 0 2 2 2 0 2 0 0 2 2 0 2 4 4 6 2 2 2 0 2 0 0 0 4 2 2 0 0 0 0 0 2 0 0 2 2 2 0 2 0 0 4 0 2 4 4 6 2 2 0 2 0 4 6
43:test/helper.lua
0 56 56 14 0 0 30 28 28 14 0 0 14 14 28 28 2 0 0 0 1 0 0 28 0 0 14 14 28 30 2 0 0 0 1 0 0 28 0 14 14 14 14
210:test/plugin_spec.lua
4 2 2 0 4 4 2 0 2 0 0 0 0 0 0 0 0 0 4 16 18 4 16 18 0 6 6 4 2 2 8 4 0 6 4 2 2 2 0 0 0 0 0 0 0 0 8 4 0 6 4 2 2 0 0 0 2 2 0 10 0 0 0 2 4 0 6 4 2 2 0 10 2 2 2 2 2 2 2 0 2 2 2 4 4 0 6 0 0 2 0 2 2 2 2 0 4 0 2 0 0 2 2 2 2 0 2 2 0 2 0 2 8 2 2 2 0 6 2 0 2 2 8 2 2 0 2 0 0 4 0 2 2 0 2 2 0 2 2 8 2 2 2 0 2 8 2 2 0 2 0 0 4 2 2 0 2 0 2 8 2 2 2 0 2 8 2 2 0 2 0 4 0 6 6 4 2 0 0 2 0 8 4 6 4 2 0 0 2 0 2 0 8 4 4 0 6 4 2 0 6 0 0 0 0 0 0 0 0 6
311:test/project_file_tracking_spec.lua
4 2 2 0 4 4 4 0 3 0 1 1 1 0 0 0 36 14 0 10 0 0 1 0 0 0 0 0 0 0 0 0 0 0 0 4 12 8 4 4 4 4 4 4 1 0 2 0 1 2 1 192 79 0 113 79 0 34 0 0 34 34 34 0 0 34 0 68 4 4 0 0 4 0 0 34 0 0 1 2 0 2 2 1 2 0 2 7 14 7 7 0 0 0 0 0 0 0 7 7 0 7 7 7 0 0 0 7 0 8 0 0 21 7 0 0 14 1 0 3 3 1 1 1 1 0 2 1 1 1 0 0 2 1 1 1 0 0 0 1 1 3 1 3 1 3 1 3 1 3 4 4 4 3 2 0 3 1 1 0 1 1 0 1 0 1 3 4 4 4 2 2 0 3 3 1 0 0 0 0 0 1 0 1 4 3 2 0 3 1 1 0 1 4 3 2 2 0 3 0 3 1 0 0 0 0 0 1 0 1 4 3 2 2 0 3 3 0 1 0 0 0 0 0 1 0 0 0 0 0 0 0 1 0 0 0 0 0 1 0 1 4 3 2 2 0 3 3 0 1 0 0 0 0 0 1 0 0 0 0 0 1 0 0 0 0 0 1 0 0 0 0 0 0 2 1 1 0 1 1 0 1 0 1 0 1 0 1 0 3 3 0 3 3 0 3 3 0 3 3 0 0 3 1 1 1 2 0 2 2 3
200:test/save_time_spec.lua
4 2 2 4 4 4 0 2 0 0 2 2 0 4 10 10 12 0 4 10 0 10 10 12 0 6 6 2 2 2 2 2 30 30 2 0 2 2 2 2 0 2 0 2 0 2 0 6 8 0 2 8 0 0 2 2 0 8 8 4 0 6 2 2 4 2 2 52 52 2 0 2 2 2 0 2 2 0 2 2 0 0 2 0 2 0 8 8 8 4 0 6 2 2 2 2 2 30 30 2 0 2 2 2 0 2 2 0 0 2 0 2 8 4 0 6 2 2 2 2 2 30 30 2 0 2 2 0 2 0 2 2 0 0 2 0 2 0 6 6 0 0 2 2 0 0 4 4 0 8 2 2 0 2 8 2 2 0 2 8 4 0 6 2 2 2 2 2 30 30 2 0 2 2 0 2 0 2 2 0 0 2 0 2 0 6 8 0 0 2 8 0 0 2 2 0 8 8 4 6
397:test/subtract_time_spec.lua
4 2 2 0 4 4 4 2 0 0 2 2 0 0 2 0 0 0 0 0 0 0 0 0 4 12 0 12 14 0 4 12 0 12 12 14 0 6 6 2 2 2 2 2 30 30 2 0 2 2 2 0 2 0 2 2 0 0 2 0 6 2 0 2 6 2 0 2 8 2 2 0 2 0 0 2 4 4 2 0 0 0 2 4 4 2 0 4 4 2 0 0 2 4 4 2 0 4 0 6 2 2 2 2 2 30 30 2 0 2 2 2 0 2 0 2 2 0 0 2 0 6 2 0 2 8 2 2 0 2 0 0 2 4 4 2 0 0 0 2 4 4 2 0 4 4 2 0 0 2 4 4 0 2 4 0 6 2 2 2 2 2 34 34 2 0 2 2 2 2 0 2 0 2 2 0 0 2 0 6 2 0 2 8 2 2 0 2 0 0 2 4 4 2 0 0 0 2 4 4 2 0 4 4 2 0 2 0 2 4 4 0 2 4 0 6 2 2 2 2 2 30 30 2 0 2 2 2 0 2 0 2 2 0 0 2 0 6 2 0 2 8 2 2 0 2 0 0 2 4 4 2 0 0 0 2 4 4 2 0 4 4 2 0 2 0 2 4 4 0 2 4 0 6 2 2 4 2 2 52 52 2 0 2 2 2 2 0 2 2 0 2 2 0 0 2 0 6 2 0 2 8 2 2 0 2 0 2 0 2 4 4 2 0 4 4 2 0 0 2 4 4 0 2 4 0 6 2 2 2 2 2 54 54 2 0 2 2 2 0 2 8 0 2 0 2 8 0 2 2 0 0 2 0 0 6 4 6 2 0 2 0 6 2 0 2 8 2 2 0 2 0 0 2 4 4 2 0 0 0 2 4 4 2 0 4 4 0 2 0 2 4 4 0 2 4 6
98:test/time_pause_resume_spec.lua
4 0 6 0 4 0 0 0 0 0 0 0 0 0 0 0 24 24 12 12 0 12 0 12 0 0 0 0 0 0 0 12 12 0 60 0 0 0 0 24 12 12 0 14 0 6 4 2 0 8 4 0 0 6 2 8 4 0 6 2 2 8 4 4 0 6 6 2 8 4 4 0 6 6 2 2 8 4 0 6 0 4 0 0 8 0 4 6 2 4 0 6 2 0 2 4 4 6
342:test/time_start_stop_spec.lua
4 2 2 0 4 4 4 0 2 0 4 14 0 14 16 0 4 14 16 0 6 6 0 2 2 0 2 2 2 2 2 34 34 2 0 2 0 6 0 2 2 2 0 6 2 0 2 8 2 2 2 6 2 2 0 0 2 2 4 0 6 2 2 0 0 2 2 2 0 2 2 22 22 2 0 2 0 0 2 2 0 2 0 6 2 0 2 8 2 2 2 6 2 2 0 0 2 2 4 0 6 0 2 2 0 2 2 2 2 2 22 22 2 0 0 2 0 2 2 2 0 0 2 2 2 2 2 22 22 2 0 2 0 2 8 2 2 0 2 8 2 2 2 6 2 2 0 0 2 2 4 4 0 6 6 2 2 0 2 2 2 2 2 16 16 2 2 0 2 2 2 2 2 28 28 2 2 0 2 2 2 2 0 2 0 6 8 8 0 2 2 4 0 4 2 0 2 2 0 2 2 2 0 0 2 0 2 2 14 14 2 2 0 0 2 0 2 2 26 26 2 2 0 2 2 2 0 2 0 6 8 8 0 2 2 4 0 0 6 2 2 0 2 2 2 2 2 26 26 2 0 0 2 0 2 2 2 2 0 0 2 2 2 2 2 2 0 0 0 0 0 0 0 6 0 0 0 0 0 0 2 2 4 0 6 2 2 0 2 2 2 0 0 2 2 2 2 16 16 2 2 0 0 2 2 2 2 20 20 2 2 0 0 2 2 2 2 26 26 2 2 0 2 2 2 2 0 2 0 6 8 8 8 2 2 0 2 0 2 2 4 6
342:vim/_editor.lua
0 0 0 0 0 0 0 0 0 0 0 0 0 0 0 0 0 0 0 0 0 0 0 0 0 0 0 0 0 0 0 0 0 0 0 0 0 0 0 0 0 0 0 0 0 0 0 0 0 0 0 0 0 0 0 0 0 0 0 0 0 0 0 0 0 0 0 0 0 0 0 0 0 0 0 0 0 0 0 0 0 0 0 0 0 0 0 0 0 0 0 0 0 0 0 0 0 0 0 0 0 0 0 0 0 0 0 0 0 0 0 0 0 0 0 0 0 0 0 0 0 0 0 0 0 0 0 0 0 0 0 0 0 0 0 0 0 0 0 0 0 0 0 0 0 0 0 0 0 0 0 0 0 0 0 0 0 0 0 0 0 0 0 0 0 0 0 0 0 0 0 0 0 0 0 0 0 0 0 0 0 0 0 0 0 0 0 0 0 0 0 0 0 0 0 0 0 0 0 0 0 0 0 0 0 0 0 0 0 0 0 0 0 0 0 0 0 0 0 0 0 0 0 0 0 0 0 0 0 0 0 0 0 0 0 0 0 0 0 0 0 0 0 0 0 0 0 0 0 0 0 0 0 0 0 0 0 0 0 0 0 0 0 0 0 0 0 0 0 0 8 8 0 0 0 0 0 435 8 0 8 8 0 0 0 0 0 0 0 0 0 0 0 0 0 0 0 0 0 0 0 0 0 0 0 0 0 0 0 0 0 0 0 0 0 0 0 0 0 0 0 0 0 0 0 0 0 0 0 0 0 0 0 0 0 0 0 32 0 0 32 32
65:vim/_init_packages.lua
0 0 0 0 0 0 0 0 0 0 0 0 0 0 0 173 173 173 345 304 304 0 0 41 41 0 0 0 0 0 0 0 0 0 0 0 0 0 0 0 0 41 0 0 0 0 0 0 0 0 0 0 0 0 0 0 0 0 0 0 0 0 2 2 2
532:vim/_options.lua
0 0 0 0 0 0 0 0 0 0 0 0 0 0 0 0 2 2 0 2 2 0 0 2 0 0 0 0 0 0 0 0 2 4 2 2 0 0 0 0 0 0 0 0 0 0 0 0 0 0 0 0 0 0 0 0 0 0 0 0 0 0 0 0 0 0 0 0 0 0 0 0 0 0 0 0 0 0 0 0 0 0 0 0 0 0 0 0 0 0 0 0 0 0 0 0 0 0 0 0 0 0 0 0 0 0 0 0 0 0 0 0 0 0 0 0 0 0 0 0 0 28 386 358 334 0 0 358 0 0 28 0 0 0 0 0 28 56 56 28 0 0 0 0 0 0 0 0 0 0 0 0 0 0 0 0 0 0 0 0 0 0 0 0 0 0 0 0 0 0 0 0 0 0 0 0 0 0 0 0 0 0 0 0 0 0 0 0 0 0 0 0 0 0 0 0 0 0 0 0 0 0 0 0 0 0 0 0 0 0 0 0 0 0 0 0 0 28 0 0 28 56 0 28 0 0 0 0 0 0 0 0 0 0 0 0 0 0 0 0 0 0 0 28 0 0 0 28 0 28 0 0 0 0 0 0 0 0 0 0 56 0 0 0 0 0 0 0 0 0 56 0 0 0 0 56 0 0 0 0 0 0 0 0 0 0 0 0 56 0 0 0 0 0 0 0 0 0 0 0 0 56 0 0 0 0 0 0 0 0 0 0 0 0 0 0 0 0 0 0 0 0 0 0 0 0 0 0 0 0 0 0 0 0 0 0 0 0 0 0 0 0 0 0 0 0 0 0 0 0 0 0 0 0 0 0 0 0 56 0 0 0 0 0 0 0 0 0 0 0 0 0 0 0 0 0 0 0 0 0 0 0 0 0 0 0 0 0 0 0 0 0 0 0 0 0 0 0 0 0 56 28 0 0 28 0 0 0 0 0 0 0 0 28 28 28 28 0 0 0 0 0 0 0 0 0 0 0 0 0 0 0 0 0 0 0 0 0 0 0 0 0 0 0 0 0 0 0 0 0 0 0 0 0 0 0 0 0 0 0 0 0 0 0 0 0 0 0 0 0 30 0 28 0 0 0 0 0 28 28 28 28 28 0 0 0 0 0 0 28 28 28 0 0 0 0 0 0 56 28 28 0 0 0 0 0 0 0 0 0 0 0 0 0 0 0 0 0 0 0 0 0 0 0 0 0 0 0 0 0 28 28
379:vim/inspect.lua
2 0 0 0 0 0 0 0 0 0 0 0 0 0 0 0 0 0 0 0 0 0 0 0 0 0 0 0 0 0 4 0 0 2 2 4 0 0 2 2 0 2 2 2 2 2 2 0 0 0 2 0 0 0 0 1168 0 0 1168 2 0 0 2 0 0 0 0 0 0 0 0 0 2 66 64 64 50 50 0 0 0 0 0 2336 1168 1168 0 1168 1168 2 0 0 2 0 0 0 0 0 0 0 0 0 0 0 0 0 0 0 0 0 0 0 0 0 0 0 0 0 0 0 0 0 0 2 0 2 0 0 2 0 2 0 0 0 0 0 0 0 0 0 0 0 0 0 0 0 0 0 0 0 0 0 0 0 2 0 0 0 0 0 0 0 0 0 0 0 0 0 0 0 0 0 2 0 0 1168 0 0 0 0 0 0 0 0 0 0 0 1170 0 0 0 0 0 0 0 0 0 0 0 0 2 0 0 0 0 0 0 0 0 0 0 0 0 0 0 0 0 0 0 0 0 0 0 0 0 0 0 0 0 0 0 0 0 2 0 0 1168 1168 1170 0 2 0 2 0 0 0 2 0 2 0 0 0 0 0 0 0 0 2 0 2 1168 1168 1168 4672 0 0 0 0 0 0 0 0 0 0 0 0 0 0 0 0 0 0 0 0 0 0 0 0 0 0 0 0 0 0 0 0 0 0 0 0 0 0 0 0 0 0 0 0 0 0 0 0 0 0 0 0 0 0 0 0 0 0 0 0 0 0 0 0 0 0 0 0 0 0 0 0 0 0 0 0 1170 0 2 1168 0 1168 1168 1168 1168 0 1168 0 0 0 1168 1168 0 2336 1168 1168 1168 1168 0 1168 1168 1168 0 1168 0 1168 2 0 4 0 1168 2 0 0 2
778:vim/shared.lua
0 0 0 0 0 0 0 0 0 0 0 0 0 0 0 0 0 0 0 0 0 0 0 0 0 0 0 2 0 0 2 0 2 2 2 0 0 2 0 0 0 0 0 0 0 0 0 2 2 2 0 0 0 0 0 0 0 0 0 0 0 0 0 0 0 0 0 0 0 0 0 0 0 0 0 0 0 0 0 0 0 0 0 0 0 0 0 0 0 56 56 56 0 0 56 56 56 0 0 56 56 0 0 56 56 0 0 358 302 302 302 302 0 56 56 0 56 0 0 414 0 0 414 56 358 0 0 0 0 0 0 358 0 0 358 0 358 0 0 0 0 0 0 0 0 0 0 0 0 0 0 0 0 0 358 56 0 0 0 0 0 0 0 0 0 0 0 0 0 0 0 0 0 0 0 0 56 884 358 0 56 0 0 0 0 0 0 0 0 0 0 0 0 0 0 0 0 0 0 0 0 0 0 0 0 0 0 0 0 0 0 0 0 0 0 0 0 0 0 0 0 0 0 0 0 0 0 0 0 0 0 0 0 0 0 0 0 0 0 0 0 0 0 0 0 0 0 0 0 0 0 0 0 0 0 0 0 0 0 0 0 0 0 0 0 0 0 0 0 0 0 0 0 0 1671 1671 0 0 0 0 0 10714 0 0 0 1003 0 0 0 1003 0 0 0 0 0 0 0 1003 1003 0 0 0 3009 2006 2006 2006 9606 15928 738 7231 292 0 0 0 6939 0 0 0 0 1003 0 0 0 0 0 0 0 0 0 0 0 0 0 16 0 0 0 0 0 0 0 0 0 0 0 0 0 0 0 618 0 0 0 0 0 0 0 0 0 0 0 0 0 0 0 0 0 0 0 0 0 0 0 0 0 0 0 0 0 0 0 0 0 0 0 0 0 0 0 0 0 0 0 0 0 0 0 0 0 0 0 0 0 0 0 0 0 0 0 0 0 0 0 0 0 0 0 0 0 0 0 0 0 0 0 0 0 0 0 0 0 0 0 0 0 0 0 0 0 0 0 0 0 0 0 0 0 0 0 0 0 0 0 0 0 0 0 0 0 0 0 0 0 0 0 0 0 0 0 0 0 0 0 0 0 0 0 0 0 0 0 0 0 0 0 0 0 0 0 0 0 0 0 0 0 0 0 0 0 0 0 0 0 0 0 0 0 0 0 0 0 0 0 0 0 0 0 0 0 0 0 1193 0 0 0 1193 0 1193 1193 0 0 1193 0 0 0 0 0 0 0 0 0 0 0 0 0 0 0 0 0 0 0 0 0 0 0 0 0 0 2 0 2 2 0 0 2 0 0 0 0 0 0 0 0 0 0 0 0 0 0 0 0 0 0 0 0 0 0 0 0 0 0 0 0 0 0 0 0 0 0 0 0 0 0 0 0 0 0 0 0 0 0 0 0 0 0 0 0 0 0 0 0 0 0 0 0 0 0 0 0 0 0 0 0 0 0 0 0 0 0 0 0 0 0 0 0 0 0 0 0 0 0 0 0 0 0 0 0 0 0 0 0 0 0 0 0 0 0 0 0 0 0 0 0 0 0 0 0 0 0 0 0 0 0 0 0 0 0 0 0 0 0 0 0 0 0 2120 0 0 0 0 2064 0 0 0 4240 2176 0 0 0 2176 2176 2176 0 2176 2176 0 0 4352 0 0 0 0 0 0 0 0 0 0 0 2176 2176 2176 2176 2176 0 0 2176 0 4296 2176 2176 0 0 2176 0 0 0 0 0 0 0 0 0 0 0 0 0 2064 0 0 0 2064 2064 0 0 2064 0 0 0 0 0 0 2176 0 0 2176 2176 2176
